[debug] [2024-09-07T10:17:51.439Z] ----------------------------------------------------------------------
[debug] [2024-09-07T10:17:51.441Z] Command:       /usr/bin/node /usr/bin/firebase login
[debug] [2024-09-07T10:17:51.441Z] CLI Version:   13.16.0
[debug] [2024-09-07T10:17:51.441Z] Platform:      linux
[debug] [2024-09-07T10:17:51.441Z] Node Version:  v18.20.4
[debug] [2024-09-07T10:17:51.442Z] Time:          Sat Sep 07 2024 10:17:51 GMT+0000 (협정 세계시)
[debug] [2024-09-07T10:17:51.442Z] ----------------------------------------------------------------------
[debug] 
[info] i  Firebase optionally collects CLI and Emulator Suite usage and error reporting information to help improve our products. Data is collected in accordance with Google's privacy policy (https://policies.google.com/privacy) and is not used to identify you.
 
[info] i  To change your data collection preference at any time, run `firebase logout` and log in again. 
[info] 
[info] Visit this URL on this device to log in:
[info] https://accounts.google.com/o/oauth2/auth?client_id=563584335869-fgrhgmd47bqnekij5i8b5pr03ho849e6.apps.googleusercontent.com&scope=email%20openid%20https%3A%2F%2Fwww.googleapis.com%2Fauth%2Fcloudplatformprojects.readonly%20https%3A%2F%2Fwww.googleapis.com%2Fauth%2Ffirebase%20https%3A%2F%2Fwww.googleapis.com%2Fauth%2Fcloud-platform&response_type=code&state=419101852&redirect_uri=http%3A%2F%2Flocalhost%3A9005
[info] 
[info] Waiting for authentication...
[debug] [2024-09-07T10:19:53.744Z] ----------------------------------------------------------------------
[debug] [2024-09-07T10:19:53.745Z] Command:       /usr/bin/node /usr/bin/firebase login
[debug] [2024-09-07T10:19:53.746Z] CLI Version:   13.16.0
[debug] [2024-09-07T10:19:53.746Z] Platform:      linux
[debug] [2024-09-07T10:19:53.746Z] Node Version:  v18.20.4
[debug] [2024-09-07T10:19:53.746Z] Time:          Sat Sep 07 2024 10:19:53 GMT+0000 (협정 세계시)
[debug] [2024-09-07T10:19:53.747Z] ----------------------------------------------------------------------
[debug] 
[info] i  Firebase optionally collects CLI and Emulator Suite usage and error reporting information to help improve our products. Data is collected in accordance with Google's privacy policy (https://policies.google.com/privacy) and is not used to identify you.
 
[info] i  To change your data collection preference at any time, run `firebase logout` and log in again. 
[info] 
[info] Visit this URL on this device to log in:
[info] https://accounts.google.com/o/oauth2/auth?client_id=563584335869-fgrhgmd47bqnekij5i8b5pr03ho849e6.apps.googleusercontent.com&scope=email%20openid%20https%3A%2F%2Fwww.googleapis.com%2Fauth%2Fcloudplatformprojects.readonly%20https%3A%2F%2Fwww.googleapis.com%2Fauth%2Ffirebase%20https%3A%2F%2Fwww.googleapis.com%2Fauth%2Fcloud-platform&response_type=code&state=617536443&redirect_uri=http%3A%2F%2Flocalhost%3A9005
[info] 
[info] Waiting for authentication...
